Arguments: 
  D:\Program\nodejs\node.exe D:\Program\yarn\bin\yarn.js install

PATH: 
  C:\OpenSSL-Win64\bin;D:\Python37\Scripts\;D:\Python37\;C:\Program Files\mingw-w64\x86_64-8.1.0-posix-seh-rt_v6-rev0\mingw64\bin;D:\Library\mingw-w64\bin;D:\Library\usr\bin;D:\Library\bin;C:\Program Files (x86)\Razer\ChromaBroadcast\bin;C:\Program Files\Razer\ChromaBroadcast\bin;C:\Program Files (x86)\Common Files\Oracle\Java\javapath;C:\Windows\system32;C:\Windows;C:\Windows\System32\Wbem;C:\Windows\System32\WindowsPowerShell\v1.0\;C:\Windows\System32\OpenSSH\;C:\Program Files\Intel\WiFi\bin\;C:\Program Files\Common Files\Intel\WirelessCommon\;D:\Program\Git\cmd;D:\Program\Git_32\cmd;C:\Program Files\MySQL\MySQL Server 8.0\bin;D:\Program\JDKSE\bin;D:\Program\HBuilderX\plugins\launcher\tools\adbs;D:\Program\yarn\bin\;D:\hadoop-3.1.2\bin;C:\Users\94085\AppData\Local\Microsoft\WindowsApps;D:\Program\Microsoft VS Code\bin;C:\Users\94085\AppData\Roaming\npm;D:\Program\Egret Wing 3\bin;D:\Program\WebStorm 2018.3\bin;D:\Tools\Fiddler;C:\Users\94085\AppData\Local\Yarn\bin;C:\WINDOWS\system32;C:\WINDOWS;C:\WINDOWS\System32\Wbem;C:\WINDOWS\System32\WindowsPowerShell\v1.0\;C:\WINDOWS\System32\OpenSSH\;D:\Go\bin;C:\Program Files\dotnet\;C:\mingw64\bin;C:\Program Files\GTK3-Runtime Win64\bin;D:\Program\nodejs\;D:\pypy36;D:\pypy36\bin;C:\Users\94085\go\bin;C:\Users\94085\AppData\Local\GitHubDesktop\bin

Yarn version: 
  1.15.0-20190207.1305

Node version: 
  13.10.1

Platform: 
  win32 x64

Trace: 
  Error: getaddrinfo ENOTFOUND raw.githubusercontent.com
      at GetAddrInfoReqWrap.onlookup [as oncomplete] (dns.js:64:26)

npm manifest: 
  {
    "name": "osu-tournament",
    "version": "0.1.0",
    "private": true,
    "scripts": {
      "serve": "vue-cli-service serve",
      "build": "vue-cli-service build",
      "lint": "vue-cli-service lint"
    },
    "dependencies": {
      "@ant-design/dark-theme": "^1.0.3",
      "ant-design-vue": "^1.4.3",
      "axios": "^0.19.0",
      "core-js": "^2.6.5",
      "elo-mappool-client": "github:Pure-Peace/elo-mappool-client",
      "less": "^3.10.3",
      "less-loader": "^5.0.0",
      "moment": "^2.24.0",
      "node-fetch": "^2.6.0",
      "node-osu": "^2.2.0",
      "nprogress": "^0.2.0",
      "sass-resources-loader": "^2.0.1",
      "smoothscroll-polyfill": "^0.4.4",
      "vue": "^2.6.10",
      "vue-markdown": "^2.2.4",
      "vue-router": "^3.0.3",
      "vue-slicksort": "^1.1.3",
      "vue-socket.io": "^3.0.7",
      "vuex": "^3.0.1"
    },
    "devDependencies": {
      "@vue/cli-plugin-babel": "^3.11.0",
      "@vue/cli-plugin-eslint": "^3.11.0",
      "@vue/cli-service": "^3.11.0",
      "@vue/eslint-config-standard": "^4.0.0",
      "babel-eslint": "^10.0.1",
      "eslint": "^5.16.0",
      "eslint-plugin-vue": "^5.0.0",
      "sass": "^1.18.0",
      "sass-loader": "^7.1.0",
      "vue-template-compiler": "^2.6.10"
    }
  }

yarn manifest: 
  No manifest

Lockfile: 
  No lockfile
